<?xml version="1.0" encoding="UTF-8"?>
<!-- Generated by org.testng.reporters.JUnitReportReporter -->
<testsuite skipped="0" hostname="saurabh_agnihotri" name="Calculator.Add" tests="1" failures="0" timestamp="02 Mar 2019 04:25:14 GMT" time="12.565" errors="0">
  <testcase name="Test" time="12.565" classname="Calculator.Add"/>
</testsuite> <!-- Calculator.Add -->
